18-11-2017 12:07:02
___ REQUEST: INSERT INTO `film` VALUES (NULL, :title, :producer, :releaseDate, :duration, :genre)
___ PARAMETERS: [title => Gladiator, producer => Ridley Scott, releaseDate => 2000-06-16, duration => 148, genre => peplum]
___ REQUEST TIME: 0.014240026474 s
 
18-11-2017 12:12:49
___ REQUEST: INSERT INTO `film` VALUES (NULL, :title, :producer, :releaseDate, :duration, :genre)
___ PARAMETERS: [title => Inception, producer => Christopher Nolan, releaseDate => 2010-07-16, duration => 148, genre => syfy/thriller]
___ REQUEST TIME: 0.00896883010864 s
 
18-11-2017 12:14:47
___ REQUEST: INSERT INTO `film` VALUES (NULL, :title, :producer, :releaseDate, :duration, :genre)
___ PARAMETERS: [title => Interstellar, producer => Christopher Nolan, releaseDate => 2014-11-05, duration => 149, genre => syfy]
___ REQUEST TIME: 0.00573801994324 s
 
18-11-2017 12:18:58
___ REQUEST: INSERT INTO `film` VALUES (NULL, :title, :producer, :releaseDate, :duration, :genre)
___ PARAMETERS: [title => The Lord of The Rings : The fellowship of the ring, producer => Peter Jackson, releaseDate => 2001-12-01, duration => 178, genre => fantasy]
___ REQUEST TIME: 0.0126850605011 s
 
18-11-2017 12:20:32
___ REQUEST: INSERT INTO `film` VALUES (NULL, :title, :producer, :releaseDate, :duration, :genre)
___ PARAMETERS: [title => Forrest Gump, producer => Robert Zemeckis, releaseDate => 1994-10-05, duration => 142, genre => drama]
___ REQUEST TIME: 0.0112810134888 s
 
18-11-2017 12:23:01
___ REQUEST: SELECT * FROM film WHERE id = 4
___ PARAMETERS: []
___ REQUEST TIME: 0.00280499458313 s
 
18-11-2017 12:26:27
___ REQUEST: SELECT * FROM film WHERE id = 4
___ PARAMETERS: []
___ REQUEST TIME: 0.00347995758057 s
 
18-11-2017 12:27:12
___ REQUEST: SELECT * FROM film WHERE id = 4
___ PARAMETERS: []
___ REQUEST TIME: 0.00345897674561 s
 
18-11-2017 12:28:43
___ REQUEST: SELECT * FROM film WHERE id = 4
___ PARAMETERS: []
___ REQUEST TIME: 0.00349497795105 s
 
18-11-2017 12:29:31
___ REQUEST: SELECT * FROM film WHERE id = 4
___ PARAMETERS: []
___ REQUEST TIME: 0.00627493858337 s
 
18-11-2017 12:30:23
___ REQUEST: SELECT * FROM film WHERE id = 4
___ PARAMETERS: []
___ REQUEST TIME: 0.00327801704407 s
 
18-11-2017 12:30:37
___ REQUEST: SELECT * FROM film WHERE id = 4
___ PARAMETERS: []
___ REQUEST TIME: 0.00343108177185 s
 
18-11-2017 12:31:00
___ REQUEST: SELECT * FROM film WHERE id = 4
___ PARAMETERS: []
___ REQUEST TIME: 0.0057361125946 s
 
18-11-2017 12:31:21
___ REQUEST: SELECT * FROM film WHERE id = 4
___ PARAMETERS: []
___ REQUEST TIME: 0.00330519676208 s
 
18-11-2017 12:31:52
___ REQUEST: SELECT * FROM film WHERE id = 4
___ PARAMETERS: []
___ REQUEST TIME: 0.00530290603638 s
 
18-11-2017 12:32:04
___ REQUEST: SELECT * FROM film WHERE id = 4
___ PARAMETERS: []
___ REQUEST TIME: 0.00349998474121 s
 
18-11-2017 12:32:13
___ REQUEST: SELECT * FROM film WHERE id = 4
___ PARAMETERS: []
___ REQUEST TIME: 0.00589489936829 s
 
18-11-2017 12:32:27
___ REQUEST: SELECT * FROM film WHERE id = 4
___ PARAMETERS: []
___ REQUEST TIME: 0.00346088409424 s
 
18-11-2017 12:32:34
___ REQUEST: SELECT * FROM film WHERE id = 4
___ PARAMETERS: []
___ REQUEST TIME: 0.00348305702209 s
 
18-11-2017 12:32:40
___ REQUEST: SELECT * FROM film WHERE id = 4
___ PARAMETERS: []
___ REQUEST TIME: 0.00680303573608 s
 
18-11-2017 12:32:55
___ REQUEST: SELECT * FROM film WHERE id = 4
___ PARAMETERS: []
___ REQUEST TIME: 0.00349593162537 s
 
18-11-2017 12:32:55
___ REQUEST: UPDATE film SET title = "The fellowship of the ring", producer = "Peter Jackson", releaseDate = "2001-12-05", duration = "178", genre = "fantasy" WHERE id = 4
___ PARAMETERS: [title = "The fellowship of the ring", producer = "Peter Jackson", releaseDate = "2001-12-05", duration = "178", genre = "fantasy"]
___ REQUEST TIME: 0.0067400932312 s
 
18-11-2017 12:33:22
___ REQUEST: SELECT * FROM film WHERE id = 4
___ PARAMETERS: []
___ REQUEST TIME: 0.00487804412842 s
 
18-11-2017 12:33:22
___ REQUEST: UPDATE film SET title = "The Fellowship of the Ring", producer = "Peter Jackson", releaseDate = "2001-12-05", duration = "178", genre = "fantasy" WHERE id = 4
___ PARAMETERS: [title = "The Fellowship of the Ring", producer = "Peter Jackson", releaseDate = "2001-12-05", duration = "178", genre = "fantasy"]
___ REQUEST TIME: 0.0123221874237 s
 
18-11-2017 12:34:46
___ REQUEST: DELETE FROM film WHERE id = 5
___ PARAMETERS: [id = 5]
___ REQUEST TIME: 0.00627589225769 s
 
18-11-2017 12:36:34
___ REQUEST: SELECT * FROM film WHERE id = 4
___ PARAMETERS: []
___ REQUEST TIME: 0.00271487236023 s
 
18-11-2017 12:36:34
___ REQUEST: UPDATE film SET title = "The Lord of the Rings: The Fellowship of the Ring", producer = "", releaseDate = "", duration = "", genre = "" WHERE id = 4
___ PARAMETERS: [title = "The Lord of the Rings: The Fellowship of the Ring", producer = "", releaseDate = "", duration = "", genre = ""]
___ REQUEST TIME: 0.00977993011475 s
 
18-11-2017 12:40:50
___ REQUEST: INSERT INTO `film` VALUES (NULL, :title, :producer, :releaseDate, :duration, :genre)
___ PARAMETERS: [title => Avengers, producer => Joss Whedon, releaseDate => 2012-04-25, duration => 143, genre => fantasy/syfy]
___ REQUEST TIME: 0.00397706031799 s
 
18-11-2017 12:42:36
___ REQUEST: INSERT INTO `film` VALUES (NULL, :title, :producer, :releaseDate, :duration, :genre)
___ PARAMETERS: [title => Avengers, producer => Joss Whedon, releaseDate => 2012-04-25, duration => 143, genre => fantasy/syfy]
___ REQUEST TIME: 0.00733995437622 s
 
18-11-2017 19:55:56
___ REQUEST: INSERT INTO `film` VALUES (NULL, :title, :producer, :releaseDate, :duration, :genre)
___ PARAMETERS: [title => Avengers, producer => Joss Whedon, releaseDate => 2012-04-25, duration => 143, genre => fantasy/syfy]
___ REQUEST TIME: 0.0211107730865 s
 
18-11-2017 19:56:08
___ REQUEST: INSERT INTO `film` VALUES (NULL, :title, :producer, :releaseDate, :duration, :genre)
___ PARAMETERS: [title => Avengers, producer => Joss Whedon, releaseDate => 2012-04-25, duration => 143, genre => fantasy/syfy]
___ REQUEST TIME: 0.00950694084167 s
 
18-11-2017 19:58:11
___ REQUEST: INSERT INTO `film` VALUES (NULL, :title, :producer, :releaseDate, :duration, :genre)
___ PARAMETERS: [title => Avengers, producer => Joss Whedon, releaseDate => 2012-04-25, duration => 143, genre => fantasy/syfy]
___ REQUEST TIME: 0.00703716278076 s
 
18-11-2017 19:59:59
___ REQUEST: INSERT INTO `film` VALUES (NULL, :title, :producer, :releaseDate, :duration, :genre)
___ PARAMETERS: [title => Avengers, producer => Joss Whedon, releaseDate => 2012-04-25, duration => 143, genre => fantasy/syfy]
___ REQUEST TIME: 0.0091381072998 s
 
18-11-2017 20:04:41
___ REQUEST: INSERT INTO `film` VALUES (NULL, :title, :producer, :releaseDate, :duration, :genre)
___ PARAMETERS: [title => Avengers, producer => Joss Whedon, releaseDate => 2012-04-25, duration => 143, genre => fantasy/syfy]
___ REQUEST TIME: 0.00929117202759 s
 
18-11-2017 20:06:49
___ REQUEST: INSERT INTO `film` VALUES (NULL, :title, :producer, :releaseDate, :duration, :genre)
___ PARAMETERS: [title => Avengers, producer => Joss Whedon, releaseDate => 2012-04-25, duration => 143, genre => fantasy/syfy]
___ REQUEST TIME: 0.009446144104 s
 
18-11-2017 20:07:18
___ REQUEST: INSERT INTO `film` VALUES (NULL, :title, :producer, :releaseDate, :duration, :genre)
___ PARAMETERS: [title => Avengers, producer => Joss Whedon, releaseDate => 2012-04-25, duration => 143, genre => fantasy/syfy]
___ REQUEST TIME: 0.0088939666748 s
 
18-11-2017 20:07:37
___ REQUEST: INSERT INTO `film` VALUES (NULL, :title, :producer, :releaseDate, :duration, :genre)
___ PARAMETERS: [title => Avengers, producer => Joss Whedon, releaseDate => 2012-04-25, duration => 143, genre => fantasy/syfy]
___ REQUEST TIME: 0.0149381160736 s
 
18-11-2017 20:08:54
___ REQUEST: INSERT INTO `film` VALUES (NULL, :title, :producer, :releaseDate, :duration, :genre)
___ PARAMETERS: [title => Avengers, producer => Joss Whedon, releaseDate => 2012-04-25, duration => 143, genre => fantasy/syfy]
___ REQUEST TIME: 0.00963997840881 s
 
18-11-2017 20:09:39
___ REQUEST: INSERT INTO `film` VALUES (NULL, :title, :producer, :releaseDate, :duration, :genre)
___ PARAMETERS: [title => Avengers, producer => Joss Whedon, releaseDate => 2012-04-25, duration => 143, genre => fantasy/syfy]
___ REQUEST TIME: 0.0101389884949 s
 
18-11-2017 20:10:46
___ REQUEST: INSERT INTO `film` VALUES (NULL, :title, :producer, :releaseDate, :duration, :genre)
___ PARAMETERS: [title => Avengers, producer => Joss Whedon, releaseDate => 2012-04-25, duration => 143, genre => fantasy/syfy]
___ REQUEST TIME: 0.00957202911377 s
 
18-11-2017 20:11:53
___ REQUEST: INSERT INTO `film` VALUES (NULL, :title, :producer, :releaseDate, :duration, :genre)
___ PARAMETERS: [title => Avengers, producer => Joss Whedon, releaseDate => 2012-04-25, duration => 143, genre => fantasy/syfy]
___ REQUEST TIME: 0.00995302200317 s
 
18-11-2017 20:18:28
___ REQUEST: SELECT * FROM film WHERE id = 4
___ PARAMETERS: []
___ REQUEST TIME: 0.00734806060791 s
 
18-11-2017 20:18:28
___ REQUEST: UPDATE film SET title = "Avengers test", producer = "Joss Whedon", releaseDate = "2012-04-25", duration = "143", genre = "" WHERE id = 9
___ PARAMETERS: [title = "Avengers test", producer = "Joss Whedon", releaseDate = "2012-04-25", duration = "143", genre = ""]
___ REQUEST TIME: 0.0104050636292 s
 
18-11-2017 20:18:56
___ REQUEST: SELECT * FROM film WHERE id = 4
___ PARAMETERS: []
___ REQUEST TIME: 0.0035719871521 s
 
18-11-2017 20:18:56
___ REQUEST: UPDATE film SET title = "Avengers test", producer = "Joss Whedon", releaseDate = "2012-04-25", duration = "143", genre = "" WHERE id = 9
___ PARAMETERS: [title = "Avengers test", producer = "Joss Whedon", releaseDate = "2012-04-25", duration = "143", genre = ""]
___ REQUEST TIME: 0.0165679454803 s
 
18-11-2017 20:19:22
___ REQUEST: SELECT * FROM film WHERE id = 4
___ PARAMETERS: []
___ REQUEST TIME: 0.00307011604309 s
 
18-11-2017 20:19:22
___ REQUEST: UPDATE film SET title = "Avengers test", producer = "Joss Whedon", releaseDate = "2012-04-5", duration = "143", genre = "" WHERE id = 9
___ PARAMETERS: [title = "Avengers test", producer = "Joss Whedon", releaseDate = "2012-04-5", duration = "143", genre = ""]
___ REQUEST TIME: 0.00524711608887 s
 
18-11-2017 20:19:48
___ REQUEST: SELECT * FROM film WHERE id = 4
___ PARAMETERS: []
___ REQUEST TIME: 0.0028669834137 s
 
18-11-2017 20:19:48
___ REQUEST: UPDATE film SET title = "Avengers test", producer = "Joss Whedon", releaseDate = "2012-04-25", duration = "", genre = "" WHERE id = 9
___ PARAMETERS: [title = "Avengers test", producer = "Joss Whedon", releaseDate = "2012-04-25", duration = "", genre = ""]
___ REQUEST TIME: 0.0161199569702 s
 
18-11-2017 20:20:01
___ REQUEST: SELECT * FROM film WHERE id = 4
___ PARAMETERS: []
___ REQUEST TIME: 0.00284504890442 s
 
18-11-2017 20:20:01
___ REQUEST: UPDATE film SET title = "Avengers test", producer = "Joss Whedon", releaseDate = "2012-04-25", duration = "", genre = "" WHERE id = 9
___ PARAMETERS: [title = "Avengers test", producer = "Joss Whedon", releaseDate = "2012-04-25", duration = "", genre = ""]
___ REQUEST TIME: 0.00650596618652 s
 
18-11-2017 20:20:22
___ REQUEST: SELECT * FROM film WHERE id = 4
___ PARAMETERS: []
___ REQUEST TIME: 0.00280499458313 s
 
18-11-2017 20:25:27
___ REQUEST: SELECT * FROM film WHERE id = 4
___ PARAMETERS: []
___ REQUEST TIME: 0.00345396995544 s
 
18-11-2017 20:25:38
___ REQUEST: SELECT * FROM film WHERE id = 4
___ PARAMETERS: []
___ REQUEST TIME: 0.00663590431213 s
 
18-11-2017 20:28:10
___ REQUEST: SELECT * FROM film
___ PARAMETERS: []
___ REQUEST TIME: 0.00278902053833 s
 
18-11-2017 20:31:19
___ REQUEST: SELECT * FROM film
___ PARAMETERS: []
___ REQUEST TIME: 0.00446891784668 s
 
18-11-2017 20:38:42
___ REQUEST: SELECT * FROM film WHERE 10 ORDER BY id ASC
___ PARAMETERS: []
___ REQUEST TIME: 0.0036940574646 s
 
18-11-2017 20:41:06
___ REQUEST: SELECT * FROM film WHERE id = 9 ORDER BY id ASC
___ PARAMETERS: []
___ REQUEST TIME: 0.00289583206177 s
 
18-11-2017 20:45:51
___ REQUEST: DELETE FROM film WHERE id = 9
___ PARAMETERS: [id = 9]
___ REQUEST TIME: 0.00902700424194 s
 
18-11-2017 20:46:01
___ REQUEST: DELETE FROM film WHERE id = 9
___ PARAMETERS: [id = 9]
___ REQUEST TIME: 0.00414800643921 s
 
18-11-2017 20:46:17
___ REQUEST: DELETE FROM film WHERE id = 10
___ PARAMETERS: [id = 10]
___ REQUEST TIME: 0.00520586967468 s
 
18-11-2017 20:52:00
___ REQUEST: DELETE FROM film WHERE id = 10
___ PARAMETERS: []
___ REQUEST TIME: 0.00489687919617 s
 
